c:\users\philip\documents\visual studio 2015\projects\acw\acw\debug\vc140.pdb
c:\users\philip\documents\visual studio 2015\projects\acw\acw\debug\vc140.idb
c:\users\philip\documents\visual studio 2015\projects\acw\acw\debug\graphicsclass.obj
c:\users\philip\documents\visual studio 2015\projects\acw\acw\debug\inputsclass.obj
c:\users\philip\documents\visual studio 2015\projects\acw\acw\debug\main.obj
c:\users\philip\documents\visual studio 2015\projects\acw\acw\debug\systemsclass.obj
c:\users\philip\documents\visual studio 2015\projects\acw\acw\debug\directxclass.obj
c:\users\philip\documents\visual studio 2015\projects\acw\acw\debug\cameraclass.obj
c:\users\philip\documents\visual studio 2015\projects\acw\debug\acw.ilk
c:\users\philip\documents\visual studio 2015\projects\acw\debug\acw.exe
c:\users\philip\documents\visual studio 2015\projects\acw\debug\acw.pdb
c:\users\philip\documents\visual studio 2015\projects\acw\acw\debug\acw.res
c:\users\philip\documents\visual studio 2015\projects\acw\acw\debug\acw.tlog\cl.command.1.tlog
c:\users\philip\documents\visual studio 2015\projects\acw\acw\debug\acw.tlog\cl.read.1.tlog
c:\users\philip\documents\visual studio 2015\projects\acw\acw\debug\acw.tlog\cl.write.1.tlog
c:\users\philip\documents\visual studio 2015\projects\acw\acw\debug\acw.tlog\link.command.1.tlog
c:\users\philip\documents\visual studio 2015\projects\acw\acw\debug\acw.tlog\link.read.1.tlog
c:\users\philip\documents\visual studio 2015\projects\acw\acw\debug\acw.tlog\link.write.1.tlog
c:\users\philip\documents\visual studio 2015\projects\acw\acw\debug\acw.tlog\rc.command.1.tlog
c:\users\philip\documents\visual studio 2015\projects\acw\acw\debug\acw.tlog\rc.read.1.tlog
c:\users\philip\documents\visual studio 2015\projects\acw\acw\debug\acw.tlog\rc.write.1.tlog
